<?xml version="1.0" encoding="UTF-8"?>
<!-- Generated by org.testng.reporters.JUnitReportReporter -->
<testsuite hostname="LAPTOP-0I64B6UJ" failures="0" tests="4" name="module1Login_Test.instagramTestClass" time="88.718" errors="0" timestamp="2023-01-30T21:01:33 IST" skipped="0">
  <testcase classname="module1Login_Test.instagramTestClass" name="verifyUserID" time="19.039"/>
  <system-out>
    <![CDATA[running verifyUserID TC]]>
  </system-out>
  <testcase classname="module1Login_Test.instagramTestClass" name="verify_Name" time="13.930"/>
  <system-out>
    <![CDATA[running verify_Name TC]]>
  </system-out>
  <testcase classname="module1Login_Test.instagramTestClass" name="verify_Name" time="18.543"/>
  <system-out>
    <![CDATA[running verify_Name TC]]>
  </system-out>
  <testcase classname="module1Login_Test.instagramTestClass" name="verifyUserID" time="37.206"/>
  <system-out>
    <![CDATA[running verifyUserID TC]]>
  </system-out>
</testsuite> <!-- module1Login_Test.instagramTestClass -->
